<?xml version="1.0" encoding="UTF-8"?>
<!-- Generated by org.testng.reporters.JUnitReportReporter -->
<testsuite hostname="Shashank-PC" failures="0" tests="1" name="selTest.extentSnapshot.ExtentReportDemo" time="8.008" errors="0" timestamp="2023-09-14T23:45:20 IST" skipped="0">
  <testcase classname="selTest.extentSnapshot.ExtentReportDemo" name="InitTest" time="8.008"/>
</testsuite> <!-- selTest.extentSnapshot.ExtentReportDemo -->
